<?xml version="1.0" encoding="UTF-8"?>
<testsuite xmlns:xsi="http://www.w3.org/2001/XMLSchema-instance" xsi:noNamespaceSchemaLocation="https://maven.apache.org/surefire/maven-surefire-plugin/xsd/surefire-test-report.xsd" name="dev.faceKeycloakProject.AppTest" time="0.013" tests="1" errors="0" skipped="0" failures="0">
  <properties>
    <property name="java.specification.version" value="21"/>
    <property name="sun.jnu.encoding" value="UTF-8"/>
    <property name="java.class.path" value="/Users/sandeep383.kumar/Desktop/keycloak-custom-authenticator/keycloakFaceAuthPlugin/target/test-classes:/Users/sandeep383.kumar/Desktop/keycloak-custom-authenticator/keycloakFaceAuthPlugin/target/classes:/Users/sandeep383.kumar/.m2/repository/junit/junit/4.11/junit-4.11.jar:/Users/sandeep383.kumar/.m2/repository/org/hamcrest/hamcrest-core/1.3/hamcrest-core-1.3.jar:/Users/sandeep383.kumar/.m2/repository/org/keycloak/keycloak-server-spi/19.0.3/keycloak-server-spi-19.0.3.jar:/Users/sandeep383.kumar/.m2/repository/org/keycloak/keycloak-server-spi-private/19.0.3/keycloak-server-spi-private-19.0.3.jar:/Users/sandeep383.kumar/.m2/repository/com/github/ua-parser/uap-java/1.5.2/uap-java-1.5.2.jar:/Users/sandeep383.kumar/.m2/repository/org/yaml/snakeyaml/1.26/snakeyaml-1.26.jar:/Users/sandeep383.kumar/.m2/repository/org/apache/commons/commons-collections4/4.1/commons-collections4-4.1.jar:/Users/sandeep383.kumar/.m2/repository/org/keycloak/keycloak-core/19.0.3/keycloak-core-19.0.3.jar:/Users/sandeep383.kumar/.m2/repository/org/keycloak/keycloak-common/19.0.3/keycloak-common-19.0.3.jar:/Users/sandeep383.kumar/.m2/repository/com/sun/activation/jakarta.activation/1.2.2/jakarta.activation-1.2.2.jar:/Users/sandeep383.kumar/.m2/repository/com/fasterxml/jackson/core/jackson-core/2.13.2/jackson-core-2.13.2.jar:/Users/sandeep383.kumar/.m2/repository/com/fasterxml/jackson/core/jackson-databind/2.13.2.2/jackson-databind-2.13.2.2.jar:/Users/sandeep383.kumar/.m2/repository/org/keycloak/keycloak-services/19.0.3/keycloak-services-19.0.3.jar:/Users/sandeep383.kumar/.m2/repository/org/bouncycastle/bcprov-jdk15on/1.68/bcprov-jdk15on-1.68.jar:/Users/sandeep383.kumar/.m2/repository/org/bouncycastle/bcpkix-jdk15on/1.68/bcpkix-jdk15on-1.68.jar:/Users/sandeep383.kumar/.m2/repository/com/sun/mail/jakarta.mail/1.6.5/jakarta.mail-1.6.5.jar:/Users/sandeep383.kumar/.m2/repository/org/glassfish/jakarta.json/1.1.6/jakarta.json-1.1.6.jar:/Users/sandeep383.kumar/.m2/repository/org/twitter4j/twitter4j-core/4.0.7/twitter4j-core-4.0.7.jar:/Users/sandeep383.kumar/.m2/repository/org/jboss/logging/jboss-logging/3.4.1.Final/jboss-logging-3.4.1.Final.jar:/Users/sandeep383.kumar/.m2/repository/org/jboss/spec/javax/ws/rs/jboss-jaxrs-api_2.1_spec/2.0.1.Final/jboss-jaxrs-api_2.1_spec-2.0.1.Final.jar:/Users/sandeep383.kumar/.m2/repository/org/jboss/spec/javax/transaction/jboss-transaction-api_1.3_spec/2.0.0.Final/jboss-transaction-api_1.3_spec-2.0.0.Final.jar:/Users/sandeep383.kumar/.m2/repository/org/jboss/resteasy/resteasy-multipart-provider/4.7.4.Final/resteasy-multipart-provider-4.7.4.Final.jar:/Users/sandeep383.kumar/.m2/repository/org/jboss/resteasy/resteasy-core-spi/4.7.4.Final/resteasy-core-spi-4.7.4.Final.jar:/Users/sandeep383.kumar/.m2/repository/org/jboss/spec/javax/annotation/jboss-annotations-api_1.3_spec/2.0.1.Final/jboss-annotations-api_1.3_spec-2.0.1.Final.jar:/Users/sandeep383.kumar/.m2/repository/org/jboss/spec/javax/xml/bind/jboss-jaxb-api_2.3_spec/2.0.0.Final/jboss-jaxb-api_2.3_spec-2.0.0.Final.jar:/Users/sandeep383.kumar/.m2/repository/org/reactivestreams/reactive-streams/1.0.3/reactive-streams-1.0.3.jar:/Users/sandeep383.kumar/.m2/repository/jakarta/validation/jakarta.validation-api/2.0.2/jakarta.validation-api-2.0.2.jar:/Users/sandeep383.kumar/.m2/repository/org/jboss/resteasy/resteasy-core/4.7.4.Final/resteasy-core-4.7.4.Final.jar:/Users/sandeep383.kumar/.m2/repository/jakarta/activation/jakarta.activation-api/1.2.1/jakarta.activation-api-1.2.1.jar:/Users/sandeep383.kumar/.m2/repository/com/ibm/async/asyncutil/0.1.0/asyncutil-0.1.0.jar:/Users/sandeep383.kumar/.m2/repository/io/smallrye/config/smallrye-config/2.3.0/smallrye-config-2.3.0.jar:/Users/sandeep383.kumar/.m2/repository/io/smallrye/config/smallrye-config-core/2.3.0/smallrye-config-core-2.3.0.jar:/Users/sandeep383.kumar/.m2/repository/org/eclipse/microprofile/config/microprofile-config-api/2.0/microprofile-config-api-2.0.jar:/Users/sandeep383.kumar/.m2/repository/io/smallrye/common/smallrye-common-annotation/1.6.0/smallrye-common-annotation-1.6.0.jar:/Users/sandeep383.kumar/.m2/repository/io/smallrye/common/smallrye-common-expression/1.6.0/smallrye-common-expression-1.6.0.jar:/Users/sandeep383.kumar/.m2/repository/io/smallrye/common/smallrye-common-function/1.6.0/smallrye-common-function-1.6.0.jar:/Users/sandeep383.kumar/.m2/repository/io/smallrye/common/smallrye-common-constraint/1.6.0/smallrye-common-constraint-1.6.0.jar:/Users/sandeep383.kumar/.m2/repository/io/smallrye/common/smallrye-common-classloader/1.6.0/smallrye-common-classloader-1.6.0.jar:/Users/sandeep383.kumar/.m2/repository/org/ow2/asm/asm/9.1/asm-9.1.jar:/Users/sandeep383.kumar/.m2/repository/io/smallrye/config/smallrye-config-common/2.3.0/smallrye-config-common-2.3.0.jar:/Users/sandeep383.kumar/.m2/repository/org/jboss/resteasy/resteasy-jaxb-provider/4.7.4.Final/resteasy-jaxb-provider-4.7.4.Final.jar:/Users/sandeep383.kumar/.m2/repository/org/glassfish/jaxb/jaxb-runtime/2.3.3-b02/jaxb-runtime-2.3.3-b02.jar:/Users/sandeep383.kumar/.m2/repository/org/glassfish/jaxb/txw2/2.3.3-b02/txw2-2.3.3-b02.jar:/Users/sandeep383.kumar/.m2/repository/com/sun/istack/istack-commons-runtime/3.0.10/istack-commons-runtime-3.0.10.jar:/Users/sandeep383.kumar/.m2/repository/org/apache/james/apache-mime4j-dom/0.8.3/apache-mime4j-dom-0.8.3.jar:/Users/sandeep383.kumar/.m2/repository/org/apache/james/apache-mime4j-core/0.8.3/apache-mime4j-core-0.8.3.jar:/Users/sandeep383.kumar/.m2/repository/org/apache/james/apache-mime4j-storage/0.8.3/apache-mime4j-storage-0.8.3.jar:/Users/sandeep383.kumar/.m2/repository/com/googlecode/owasp-java-html-sanitizer/owasp-java-html-sanitizer/20211018.2/owasp-java-html-sanitizer-20211018.2.jar:/Users/sandeep383.kumar/.m2/repository/com/fasterxml/jackson/core/jackson-annotations/2.13.2/jackson-annotations-2.13.2.jar:/Users/sandeep383.kumar/.m2/repository/com/fasterxml/jackson/datatype/jackson-datatype-jdk8/2.13.2/jackson-datatype-jdk8-2.13.2.jar:/Users/sandeep383.kumar/.m2/repository/com/google/zxing/javase/3.4.0/javase-3.4.0.jar:/Users/sandeep383.kumar/.m2/repository/com/google/zxing/core/3.4.0/core-3.4.0.jar:/Users/sandeep383.kumar/.m2/repository/com/github/jai-imageio/jai-imageio-core/1.4.0/jai-imageio-core-1.4.0.jar:/Users/sandeep383.kumar/.m2/repository/com/webauthn4j/webauthn4j-core/0.20.0.RELEASE/webauthn4j-core-0.20.0.RELEASE.jar:/Users/sandeep383.kumar/.m2/repository/com/webauthn4j/webauthn4j-util/0.20.0.RELEASE/webauthn4j-util-0.20.0.RELEASE.jar:/Users/sandeep383.kumar/.m2/repository/org/slf4j/slf4j-api/1.7.36/slf4j-api-1.7.36.jar:/Users/sandeep383.kumar/.m2/repository/org/apache/kerby/kerby-asn1/2.0.2/kerby-asn1-2.0.2.jar:/Users/sandeep383.kumar/.m2/repository/com/fasterxml/jackson/dataformat/jackson-dataformat-cbor/2.13.3/jackson-dataformat-cbor-2.13.3.jar:/Users/sandeep383.kumar/.m2/repository/org/checkerframework/checker-qual/3.22.0/checker-qual-3.22.0.jar:/Users/sandeep383.kumar/.m2/repository/commons-io/commons-io/2.6/commons-io-2.6.jar:/Users/sandeep383.kumar/.m2/repository/javax/javaee-api/8.0.1/javaee-api-8.0.1.jar:/Users/sandeep383.kumar/.m2/repository/com/sun/mail/javax.mail/1.6.2/javax.mail-1.6.2.jar:/Users/sandeep383.kumar/.m2/repository/javax/activation/activation/1.1/activation-1.1.jar:/Users/sandeep383.kumar/.m2/repository/com/google/auto/service/auto-service/1.0-rc6/auto-service-1.0-rc6.jar:/Users/sandeep383.kumar/.m2/repository/com/google/auto/service/auto-service-annotations/1.0-rc6/auto-service-annotations-1.0-rc6.jar:/Users/sandeep383.kumar/.m2/repository/com/google/auto/auto-common/0.10/auto-common-0.10.jar:/Users/sandeep383.kumar/.m2/repository/com/google/guava/guava/27.0.1-jre/guava-27.0.1-jre.jar:/Users/sandeep383.kumar/.m2/repository/com/google/guava/failureaccess/1.0.1/failureaccess-1.0.1.jar:/Users/sandeep383.kumar/.m2/repository/com/google/guava/listenablefuture/9999.0-empty-to-avoid-conflict-with-guava/listenablefuture-9999.0-empty-to-avoid-conflict-with-guava.jar:/Users/sandeep383.kumar/.m2/repository/com/google/code/findbugs/jsr305/3.0.2/jsr305-3.0.2.jar:/Users/sandeep383.kumar/.m2/repository/com/google/errorprone/error_prone_annotations/2.2.0/error_prone_annotations-2.2.0.jar:/Users/sandeep383.kumar/.m2/repository/com/google/j2objc/j2objc-annotations/1.1/j2objc-annotations-1.1.jar:/Users/sandeep383.kumar/.m2/repository/org/codehaus/mojo/animal-sniffer-annotations/1.17/animal-sniffer-annotations-1.17.jar:"/>
    <property name="java.vm.vendor" value="Homebrew"/>
    <property name="sun.arch.data.model" value="64"/>
    <property name="java.vendor.url" value="https://github.com/Homebrew/homebrew-core/issues"/>
    <property name="os.name" value="Mac OS X"/>
    <property name="java.vm.specification.version" value="21"/>
    <property name="sun.java.launcher" value="SUN_STANDARD"/>
    <property name="user.country" value="IN"/>
    <property name="sun.boot.library.path" value="/opt/homebrew/Cellar/openjdk/21.0.2/libexec/openjdk.jdk/Contents/Home/lib"/>
    <property name="sun.java.command" value="/Users/sandeep383.kumar/Desktop/keycloak-custom-authenticator/keycloakFaceAuthPlugin/target/surefire/surefirebooter5910850004742369512.jar /Users/sandeep383.kumar/Desktop/keycloak-custom-authenticator/keycloakFaceAuthPlugin/target/surefire 2024-04-16T18-45-01_766-jvmRun1 surefire307214891040012078tmp surefire_016553560555131051690tmp"/>
    <property name="jdk.debug" value="release"/>
    <property name="surefire.test.class.path" value="/Users/sandeep383.kumar/Desktop/keycloak-custom-authenticator/keycloakFaceAuthPlugin/target/test-classes:/Users/sandeep383.kumar/Desktop/keycloak-custom-authenticator/keycloakFaceAuthPlugin/target/classes:/Users/sandeep383.kumar/.m2/repository/junit/junit/4.11/junit-4.11.jar:/Users/sandeep383.kumar/.m2/repository/org/hamcrest/hamcrest-core/1.3/hamcrest-core-1.3.jar:/Users/sandeep383.kumar/.m2/repository/org/keycloak/keycloak-server-spi/19.0.3/keycloak-server-spi-19.0.3.jar:/Users/sandeep383.kumar/.m2/repository/org/keycloak/keycloak-server-spi-private/19.0.3/keycloak-server-spi-private-19.0.3.jar:/Users/sandeep383.kumar/.m2/repository/com/github/ua-parser/uap-java/1.5.2/uap-java-1.5.2.jar:/Users/sandeep383.kumar/.m2/repository/org/yaml/snakeyaml/1.26/snakeyaml-1.26.jar:/Users/sandeep383.kumar/.m2/repository/org/apache/commons/commons-collections4/4.1/commons-collections4-4.1.jar:/Users/sandeep383.kumar/.m2/repository/org/keycloak/keycloak-core/19.0.3/keycloak-core-19.0.3.jar:/Users/sandeep383.kumar/.m2/repository/org/keycloak/keycloak-common/19.0.3/keycloak-common-19.0.3.jar:/Users/sandeep383.kumar/.m2/repository/com/sun/activation/jakarta.activation/1.2.2/jakarta.activation-1.2.2.jar:/Users/sandeep383.kumar/.m2/repository/com/fasterxml/jackson/core/jackson-core/2.13.2/jackson-core-2.13.2.jar:/Users/sandeep383.kumar/.m2/repository/com/fasterxml/jackson/core/jackson-databind/2.13.2.2/jackson-databind-2.13.2.2.jar:/Users/sandeep383.kumar/.m2/repository/org/keycloak/keycloak-services/19.0.3/keycloak-services-19.0.3.jar:/Users/sandeep383.kumar/.m2/repository/org/bouncycastle/bcprov-jdk15on/1.68/bcprov-jdk15on-1.68.jar:/Users/sandeep383.kumar/.m2/repository/org/bouncycastle/bcpkix-jdk15on/1.68/bcpkix-jdk15on-1.68.jar:/Users/sandeep383.kumar/.m2/repository/com/sun/mail/jakarta.mail/1.6.5/jakarta.mail-1.6.5.jar:/Users/sandeep383.kumar/.m2/repository/org/glassfish/jakarta.json/1.1.6/jakarta.json-1.1.6.jar:/Users/sandeep383.kumar/.m2/repository/org/twitter4j/twitter4j-core/4.0.7/twitter4j-core-4.0.7.jar:/Users/sandeep383.kumar/.m2/repository/org/jboss/logging/jboss-logging/3.4.1.Final/jboss-logging-3.4.1.Final.jar:/Users/sandeep383.kumar/.m2/repository/org/jboss/spec/javax/ws/rs/jboss-jaxrs-api_2.1_spec/2.0.1.Final/jboss-jaxrs-api_2.1_spec-2.0.1.Final.jar:/Users/sandeep383.kumar/.m2/repository/org/jboss/spec/javax/transaction/jboss-transaction-api_1.3_spec/2.0.0.Final/jboss-transaction-api_1.3_spec-2.0.0.Final.jar:/Users/sandeep383.kumar/.m2/repository/org/jboss/resteasy/resteasy-multipart-provider/4.7.4.Final/resteasy-multipart-provider-4.7.4.Final.jar:/Users/sandeep383.kumar/.m2/repository/org/jboss/resteasy/resteasy-core-spi/4.7.4.Final/resteasy-core-spi-4.7.4.Final.jar:/Users/sandeep383.kumar/.m2/repository/org/jboss/spec/javax/annotation/jboss-annotations-api_1.3_spec/2.0.1.Final/jboss-annotations-api_1.3_spec-2.0.1.Final.jar:/Users/sandeep383.kumar/.m2/repository/org/jboss/spec/javax/xml/bind/jboss-jaxb-api_2.3_spec/2.0.0.Final/jboss-jaxb-api_2.3_spec-2.0.0.Final.jar:/Users/sandeep383.kumar/.m2/repository/org/reactivestreams/reactive-streams/1.0.3/reactive-streams-1.0.3.jar:/Users/sandeep383.kumar/.m2/repository/jakarta/validation/jakarta.validation-api/2.0.2/jakarta.validation-api-2.0.2.jar:/Users/sandeep383.kumar/.m2/repository/org/jboss/resteasy/resteasy-core/4.7.4.Final/resteasy-core-4.7.4.Final.jar:/Users/sandeep383.kumar/.m2/repository/jakarta/activation/jakarta.activation-api/1.2.1/jakarta.activation-api-1.2.1.jar:/Users/sandeep383.kumar/.m2/repository/com/ibm/async/asyncutil/0.1.0/asyncutil-0.1.0.jar:/Users/sandeep383.kumar/.m2/repository/io/smallrye/config/smallrye-config/2.3.0/smallrye-config-2.3.0.jar:/Users/sandeep383.kumar/.m2/repository/io/smallrye/config/smallrye-config-core/2.3.0/smallrye-config-core-2.3.0.jar:/Users/sandeep383.kumar/.m2/repository/org/eclipse/microprofile/config/microprofile-config-api/2.0/microprofile-config-api-2.0.jar:/Users/sandeep383.kumar/.m2/repository/io/smallrye/common/smallrye-common-annotation/1.6.0/smallrye-common-annotation-1.6.0.jar:/Users/sandeep383.kumar/.m2/repository/io/smallrye/common/smallrye-common-expression/1.6.0/smallrye-common-expression-1.6.0.jar:/Users/sandeep383.kumar/.m2/repository/io/smallrye/common/smallrye-common-function/1.6.0/smallrye-common-function-1.6.0.jar:/Users/sandeep383.kumar/.m2/repository/io/smallrye/common/smallrye-common-constraint/1.6.0/smallrye-common-constraint-1.6.0.jar:/Users/sandeep383.kumar/.m2/repository/io/smallrye/common/smallrye-common-classloader/1.6.0/smallrye-common-classloader-1.6.0.jar:/Users/sandeep383.kumar/.m2/repository/org/ow2/asm/asm/9.1/asm-9.1.jar:/Users/sandeep383.kumar/.m2/repository/io/smallrye/config/smallrye-config-common/2.3.0/smallrye-config-common-2.3.0.jar:/Users/sandeep383.kumar/.m2/repository/org/jboss/resteasy/resteasy-jaxb-provider/4.7.4.Final/resteasy-jaxb-provider-4.7.4.Final.jar:/Users/sandeep383.kumar/.m2/repository/org/glassfish/jaxb/jaxb-runtime/2.3.3-b02/jaxb-runtime-2.3.3-b02.jar:/Users/sandeep383.kumar/.m2/repository/org/glassfish/jaxb/txw2/2.3.3-b02/txw2-2.3.3-b02.jar:/Users/sandeep383.kumar/.m2/repository/com/sun/istack/istack-commons-runtime/3.0.10/istack-commons-runtime-3.0.10.jar:/Users/sandeep383.kumar/.m2/repository/org/apache/james/apache-mime4j-dom/0.8.3/apache-mime4j-dom-0.8.3.jar:/Users/sandeep383.kumar/.m2/repository/org/apache/james/apache-mime4j-core/0.8.3/apache-mime4j-core-0.8.3.jar:/Users/sandeep383.kumar/.m2/repository/org/apache/james/apache-mime4j-storage/0.8.3/apache-mime4j-storage-0.8.3.jar:/Users/sandeep383.kumar/.m2/repository/com/googlecode/owasp-java-html-sanitizer/owasp-java-html-sanitizer/20211018.2/owasp-java-html-sanitizer-20211018.2.jar:/Users/sandeep383.kumar/.m2/repository/com/fasterxml/jackson/core/jackson-annotations/2.13.2/jackson-annotations-2.13.2.jar:/Users/sandeep383.kumar/.m2/repository/com/fasterxml/jackson/datatype/jackson-datatype-jdk8/2.13.2/jackson-datatype-jdk8-2.13.2.jar:/Users/sandeep383.kumar/.m2/repository/com/google/zxing/javase/3.4.0/javase-3.4.0.jar:/Users/sandeep383.kumar/.m2/repository/com/google/zxing/core/3.4.0/core-3.4.0.jar:/Users/sandeep383.kumar/.m2/repository/com/github/jai-imageio/jai-imageio-core/1.4.0/jai-imageio-core-1.4.0.jar:/Users/sandeep383.kumar/.m2/repository/com/webauthn4j/webauthn4j-core/0.20.0.RELEASE/webauthn4j-core-0.20.0.RELEASE.jar:/Users/sandeep383.kumar/.m2/repository/com/webauthn4j/webauthn4j-util/0.20.0.RELEASE/webauthn4j-util-0.20.0.RELEASE.jar:/Users/sandeep383.kumar/.m2/repository/org/slf4j/slf4j-api/1.7.36/slf4j-api-1.7.36.jar:/Users/sandeep383.kumar/.m2/repository/org/apache/kerby/kerby-asn1/2.0.2/kerby-asn1-2.0.2.jar:/Users/sandeep383.kumar/.m2/repository/com/fasterxml/jackson/dataformat/jackson-dataformat-cbor/2.13.3/jackson-dataformat-cbor-2.13.3.jar:/Users/sandeep383.kumar/.m2/repository/org/checkerframework/checker-qual/3.22.0/checker-qual-3.22.0.jar:/Users/sandeep383.kumar/.m2/repository/commons-io/commons-io/2.6/commons-io-2.6.jar:/Users/sandeep383.kumar/.m2/repository/javax/javaee-api/8.0.1/javaee-api-8.0.1.jar:/Users/sandeep383.kumar/.m2/repository/com/sun/mail/javax.mail/1.6.2/javax.mail-1.6.2.jar:/Users/sandeep383.kumar/.m2/repository/javax/activation/activation/1.1/activation-1.1.jar:/Users/sandeep383.kumar/.m2/repository/com/google/auto/service/auto-service/1.0-rc6/auto-service-1.0-rc6.jar:/Users/sandeep383.kumar/.m2/repository/com/google/auto/service/auto-service-annotations/1.0-rc6/auto-service-annotations-1.0-rc6.jar:/Users/sandeep383.kumar/.m2/repository/com/google/auto/auto-common/0.10/auto-common-0.10.jar:/Users/sandeep383.kumar/.m2/repository/com/google/guava/guava/27.0.1-jre/guava-27.0.1-jre.jar:/Users/sandeep383.kumar/.m2/repository/com/google/guava/failureaccess/1.0.1/failureaccess-1.0.1.jar:/Users/sandeep383.kumar/.m2/repository/com/google/guava/listenablefuture/9999.0-empty-to-avoid-conflict-with-guava/listenablefuture-9999.0-empty-to-avoid-conflict-with-guava.jar:/Users/sandeep383.kumar/.m2/repository/com/google/code/findbugs/jsr305/3.0.2/jsr305-3.0.2.jar:/Users/sandeep383.kumar/.m2/repository/com/google/errorprone/error_prone_annotations/2.2.0/error_prone_annotations-2.2.0.jar:/Users/sandeep383.kumar/.m2/repository/com/google/j2objc/j2objc-annotations/1.1/j2objc-annotations-1.1.jar:/Users/sandeep383.kumar/.m2/repository/org/codehaus/mojo/animal-sniffer-annotations/1.17/animal-sniffer-annotations-1.17.jar:"/>
    <property name="sun.cpu.endian" value="little"/>
    <property name="user.home" value="/Users/sandeep383.kumar"/>
    <property name="user.language" value="en"/>
    <property name="java.specification.vendor" value="Oracle Corporation"/>
    <property name="java.version.date" value="2024-01-16"/>
    <property name="java.home" value="/opt/homebrew/Cellar/openjdk/21.0.2/libexec/openjdk.jdk/Contents/Home"/>
    <property name="file.separator" value="/"/>
    <property name="basedir" value="/Users/sandeep383.kumar/Desktop/keycloak-custom-authenticator/keycloakFaceAuthPlugin"/>
    <property name="java.vm.compressedOopsMode" value="Zero based"/>
    <property name="line.separator" value="&#10;"/>
    <property name="java.specification.name" value="Java Platform API Specification"/>
    <property name="java.vm.specification.vendor" value="Oracle Corporation"/>
    <property name="apple.awt.application.name" value="ForkedBooter"/>
    <property name="surefire.real.class.path" value="/Users/sandeep383.kumar/Desktop/keycloak-custom-authenticator/keycloakFaceAuthPlugin/target/surefire/surefirebooter5910850004742369512.jar"/>
    <property name="sun.management.compiler" value="HotSpot 64-Bit Tiered Compilers"/>
    <property name="java.runtime.version" value="21.0.2"/>
    <property name="user.name" value="sandeep383.kumar"/>
    <property name="stdout.encoding" value="UTF-8"/>
    <property name="path.separator" value=":"/>
    <property name="os.version" value="12.5"/>
    <property name="java.runtime.name" value="OpenJDK Runtime Environment"/>
    <property name="file.encoding" value="UTF-8"/>
    <property name="java.vm.name" value="OpenJDK 64-Bit Server VM"/>
    <property name="java.vendor.version" value="Homebrew"/>
    <property name="localRepository" value="/Users/sandeep383.kumar/.m2/repository"/>
    <property name="java.vendor.url.bug" value="https://github.com/Homebrew/homebrew-core/issues"/>
    <property name="java.io.tmpdir" value="/var/folders/8s/d9c5h0sj0c36fnf91hlnhqsj35n5hp/T/"/>
    <property name="java.version" value="21.0.2"/>
    <property name="user.dir" value="/Users/sandeep383.kumar/Desktop/keycloak-custom-authenticator/keycloakFaceAuthPlugin"/>
    <property name="os.arch" value="aarch64"/>
    <property name="java.vm.specification.name" value="Java Virtual Machine Specification"/>
    <property name="native.encoding" value="UTF-8"/>
    <property name="java.library.path" value="/Users/sandeep383.kumar/Library/Java/Extensions:/Library/Java/Extensions:/Network/Library/Java/Extensions:/System/Library/Java/Extensions:/usr/lib/java:."/>
    <property name="java.vm.info" value="mixed mode, sharing"/>
    <property name="stderr.encoding" value="UTF-8"/>
    <property name="java.vendor" value="Homebrew"/>
    <property name="java.vm.version" value="21.0.2"/>
    <property name="sun.io.unicode.encoding" value="UnicodeBig"/>
    <property name="java.class.version" value="65.0"/>
  </properties>
  <testcase name="shouldAnswerWithTrue" classname="dev.faceKeycloakProject.AppTest" time="0.002"/>
</testsuite>